<?xml version="1.0" encoding="UTF-8"?>
<!-- Generated by org.testng.reporters.JUnitXMLReporter -->
<testsuite ignored="1" hostname="DESKTOP-F05IGTL" failures="0" tests="1" name="PageObjectPractice" time="13.619" errors="0" timestamp="2021-02-24T19:38:52 EET">
  <testcase classname="TestNGCraftOfExile" name="verifyHomePageTitle" time="0.008"/>
  <testcase classname="TestNGCraftOfExile" name="verifyLanguages" time="0.0">
    <ignored/>
  </testcase> <!-- verifyLanguages -->
</testsuite> <!-- PageObjectPractice -->
