<?xml version="1.0" encoding="UTF-8"?>
<!-- Generated by org.testng.reporters.JUnitXMLReporter -->
<testsuite ignored="1" hostname="DESKTOP-F05IGTL" failures="0" tests="3" name="TestNGCraftOfExile" time="21.787" errors="0" timestamp="2021-02-24T19:47:05 EET">
  <testcase classname="TestNGCraftOfExile" name="verifyHomePageTitle" time="0.019"/>
  <testcase classname="TestNGCraftOfExile" name="verifyLanguages" time="0.146"/>
  <testcase classname="TestNGZKillBoard" name="verifyCharacterName" time="0.03"/>
  <testcase classname="TestNGZKillBoard" name="verifyRecentActivity" time="0.0">
    <ignored/>
  </testcase> <!-- verifyRecentActivity -->
</testsuite> <!-- TestNGCraftOfExile -->
