<?xml version="1.0" encoding="UTF-8"?>
<testng-results ignored="1" total="4" passed="3" failed="0" skipped="0">
  <reporter-output>
  </reporter-output>
  <suite started-at="2021-02-24T19:46:43 EET" name="All test" finished-at="2021-02-24T19:47:05 EET" duration-ms="21787">
    <groups>
    </groups>
    <test started-at="2021-02-24T19:46:43 EET" name="TestNGCraftOfExile" finished-at="2021-02-24T19:47:05 EET" duration-ms="21787">
      <class name="TestNGZKillBoard">
        <test-method is-config="true" signature="setBaseURLTestNGZKillBoard()[pri:0, instance:TestNGZKillBoard@1700915]" started-at="2021-02-24T19:46:57 EET" name="setBaseURLTestNGZKillBoard" finished-at="2021-02-24T19:47:03 EET" duration-ms="5689" status="PASS">
          <reporter-output>
          </reporter-output>
        </test-method> <!-- setBaseURLTestNGZKillBoard -->
        <test-method signature="verifyCharacterName()[pri:0, instance:TestNGZKillBoard@1700915]" started-at="2021-02-24T19:47:03 EET" name="verifyCharacterName" description="Verify character name" finished-at="2021-02-24T19:47:03 EET" duration-ms="30" status="PASS">
          <reporter-output>
          </reporter-output>
        </test-method> <!-- verifyCharacterName -->
        <test-method is-config="true" signature="endSession()[pri:0, instance:TestNGZKillBoard@1700915]" started-at="2021-02-24T19:47:04 EET" name="endSession" finished-at="2021-02-24T19:47:05 EET" duration-ms="794" status="PASS">
          <reporter-output>
          </reporter-output>
        </test-method> <!-- endSession -->
      </class> <!-- TestNGZKillBoard -->
      <class name="TestNGCraftOfExile">
        <test-method is-config="true" signature="setBaseURLCraftOfExile()[pri:0, instance:TestNGCraftOfExile@48ae9b55]" started-at="2021-02-24T19:46:43 EET" name="setBaseURLCraftOfExile" finished-at="2021-02-24T19:46:57 EET" duration-ms="14187" status="PASS">
          <reporter-output>
          </reporter-output>
        </test-method> <!-- setBaseURLCraftOfExile -->
        <test-method signature="verifyHomePageTitle()[pri:0, instance:TestNGCraftOfExile@48ae9b55]" started-at="2021-02-24T19:47:03 EET" name="verifyHomePageTitle" description="Verify page title" finished-at="2021-02-24T19:47:03 EET" duration-ms="19" status="PASS">
          <reporter-output>
          </reporter-output>
        </test-method> <!-- verifyHomePageTitle -->
        <test-method signature="verifyLanguages()[pri:0, instance:TestNGCraftOfExile@48ae9b55]" started-at="2021-02-24T19:47:03 EET" name="verifyLanguages" description="Verify russian language" finished-at="2021-02-24T19:47:03 EET" duration-ms="146" status="PASS">
          <reporter-output>
          </reporter-output>
        </test-method> <!-- verifyLanguages -->
        <test-method is-config="true" signature="endSession()[pri:0, instance:TestNGCraftOfExile@48ae9b55]" started-at="2021-02-24T19:47:03 EET" name="endSession" finished-at="2021-02-24T19:47:04 EET" duration-ms="877" status="PASS">
          <reporter-output>
          </reporter-output>
        </test-method> <!-- endSession -->
      </class> <!-- TestNGCraftOfExile -->
    </test> <!-- TestNGCraftOfExile -->
  </suite> <!-- All test -->
</testng-results>
