<?xml version="1.0" encoding="UTF-8"?>
<testng-results ignored="1" total="2" passed="1" failed="0" skipped="0">
  <reporter-output>
  </reporter-output>
  <suite started-at="2021-03-03T15:39:58 EET" name="Default Suite" finished-at="2021-03-03T15:40:14 EET" duration-ms="15482">
    <groups>
    </groups>
    <test started-at="2021-03-03T15:39:58 EET" name="PageObjectPractice" finished-at="2021-03-03T15:40:14 EET" duration-ms="15482">
      <class name="TestNGCraftOfExile">
        <test-method is-config="true" signature="setBaseURLCraftOfExile()[pri:0, instance:TestNGCraftOfExile@265c5d69]" started-at="2021-03-03T15:39:58 EET" name="setBaseURLCraftOfExile" finished-at="2021-03-03T15:40:13 EET" duration-ms="14478" status="PASS">
          <reporter-output>
          </reporter-output>
        </test-method> <!-- setBaseURLCraftOfExile -->
        <test-method signature="verifyHomePageTitle()[pri:0, instance:TestNGCraftOfExile@265c5d69]" started-at="2021-03-03T15:40:13 EET" name="verifyHomePageTitle" description="Verify page title" finished-at="2021-03-03T15:40:13 EET" duration-ms="49" status="PASS">
          <reporter-output>
          </reporter-output>
        </test-method> <!-- verifyHomePageTitle -->
        <test-method is-config="true" signature="endSession()[pri:0, instance:TestNGCraftOfExile@265c5d69]" started-at="2021-03-03T15:40:13 EET" name="endSession" finished-at="2021-03-03T15:40:14 EET" duration-ms="770" status="PASS">
          <reporter-output>
          </reporter-output>
        </test-method> <!-- endSession -->
      </class> <!-- TestNGCraftOfExile -->
    </test> <!-- PageObjectPractice -->
  </suite> <!-- Default Suite -->
</testng-results>
